<?xml version="1.0" encoding="UTF-8"?>
<checkstyle version="5.4">
    <file name="/Users/srivatsa/workspace/labs/java/mavenapp/utils/src/main/java/org.katta.labs.java.utils/ClassUtil.java">
        <error line="0" severity="error" message="Missing package-info.java file."
               source="com.puppycrawl.tools.checkstyle.checks.javadoc.JavadocPackageCheck"/>
        <error line="6" severity="error" message="Missing a Javadoc comment."
               source="com.puppycrawl.tools.checkstyle.checks.javadoc.JavadocTypeCheck"/>
        <error line="6" column="1" severity="error"
               message="Utility classes should not have a public or default constructor."
               source="com.puppycrawl.tools.checkstyle.checks.design.HideUtilityClassConstructorCheck"/>
        <error line="7" column="5" severity="error" message="Missing a Javadoc comment."
               source="com.puppycrawl.tools.checkstyle.checks.javadoc.JavadocMethodCheck"/>
        <error line="7" column="31" severity="error" message="Parameter clazz should be final."
               source="com.puppycrawl.tools.checkstyle.checks.FinalParametersCheck"/>
    </file>
    <file name="/Users/srivatsa/workspace/labs/java/mavenapp/utils/src/main/java/org.katta.labs.java.utils/Scratchpad.java">
        <error line="7" severity="error" message="Missing a Javadoc comment."
               source="com.puppycrawl.tools.checkstyle.checks.javadoc.JavadocTypeCheck"/>
        <error line="7" column="1" severity="error"
               message="Utility classes should not have a public or default constructor."
               source="com.puppycrawl.tools.checkstyle.checks.design.HideUtilityClassConstructorCheck"/>
        <error line="9" column="5" severity="error" message="Missing a Javadoc comment."
               source="com.puppycrawl.tools.checkstyle.checks.javadoc.JavadocMethodCheck"/>
        <error line="9" column="29" severity="error" message="Parameter args should be final."
               source="com.puppycrawl.tools.checkstyle.checks.FinalParametersCheck"/>
    </file>
    <file name="/Users/srivatsa/workspace/labs/java/mavenapp/utils/src/main/java/org.katta.labs.java.utils/StringUtil.java">
        <error line="3" severity="error" message="Missing a Javadoc comment."
               source="com.puppycrawl.tools.checkstyle.checks.javadoc.JavadocTypeCheck"/>
        <error line="3" column="1" severity="error"
               message="Utility classes should not have a public or default constructor."
               source="com.puppycrawl.tools.checkstyle.checks.design.HideUtilityClassConstructorCheck"/>
        <error line="4" column="5" severity="error" message="Missing a Javadoc comment."
               source="com.puppycrawl.tools.checkstyle.checks.javadoc.JavadocMethodCheck"/>
        <error line="4" column="41" severity="error" message="Parameter value should be final."
               source="com.puppycrawl.tools.checkstyle.checks.FinalParametersCheck"/>
        <error line="8" column="5" severity="error" message="Missing a Javadoc comment."
               source="com.puppycrawl.tools.checkstyle.checks.javadoc.JavadocMethodCheck"/>
    </file>
    <file name="/Users/srivatsa/workspace/labs/java/mavenapp/spring/src/main/java/org/katta/labs/java/spring/MyApplicationContext.java">
        <error line="0" severity="error" message="Missing package-info.java file."
               source="com.puppycrawl.tools.checkstyle.checks.javadoc.JavadocPackageCheck"/>
        <error line="5" severity="error" message="Missing a Javadoc comment."
               source="com.puppycrawl.tools.checkstyle.checks.javadoc.JavadocTypeCheck"/>
        <error line="6" column="5" severity="error"
               message="Method &apos;lookupContext&apos; is not designed for extension - needs to be abstract, final or empty."
               source="com.puppycrawl.tools.checkstyle.checks.design.DesignForExtensionCheck"/>
        <error line="6" column="5" severity="error" message="Missing a Javadoc comment."
               source="com.puppycrawl.tools.checkstyle.checks.javadoc.JavadocMethodCheck"/>
    </file>
    <file name="/Users/srivatsa/workspace/labs/java/mavenapp/validation/src/main/java/org/katta/labs/java/validation/ValidationError.java">
        <error line="0" severity="error" message="Missing package-info.java file."
               source="com.puppycrawl.tools.checkstyle.checks.javadoc.JavadocPackageCheck"/>
        <error line="3" severity="error" message="Missing a Javadoc comment."
               source="com.puppycrawl.tools.checkstyle.checks.javadoc.JavadocTypeCheck"/>
        <error line="4" column="5" severity="error" message="Missing a Javadoc comment."
               source="com.puppycrawl.tools.checkstyle.checks.javadoc.JavadocVariableCheck"/>
        <error line="6" column="5" severity="error" message="Missing a Javadoc comment."
               source="com.puppycrawl.tools.checkstyle.checks.javadoc.JavadocMethodCheck"/>
        <error line="6" column="28" severity="error" message="Parameter errorMessage should be final."
               source="com.puppycrawl.tools.checkstyle.checks.FinalParametersCheck"/>
        <error line="6" column="35" severity="error" message="&apos;errorMessage&apos; hides a field."
               source="com.puppycrawl.tools.checkstyle.checks.coding.HiddenFieldCheck"/>
        <error line="11" column="5" severity="error"
               message="Method &apos;errorMessage&apos; is not designed for extension - needs to be abstract, final or empty."
               source="com.puppycrawl.tools.checkstyle.checks.design.DesignForExtensionCheck"/>
        <error line="11" column="5" severity="error" message="Missing a Javadoc comment."
               source="com.puppycrawl.tools.checkstyle.checks.javadoc.JavadocMethodCheck"/>
    </file>
    <file name="/Users/srivatsa/workspace/labs/java/mavenapp/validation/src/main/java/org/katta/labs/java/validation/ValidationErrors.java">
        <error line="5" severity="error" message="Missing a Javadoc comment."
               source="com.puppycrawl.tools.checkstyle.checks.javadoc.JavadocTypeCheck"/>
        <error line="7" column="5" severity="error"
               message="Method &apos;add&apos; is not designed for extension - needsfilelengthchecjtract, final or empty."
               source="com.puppycrawl.tools.checkstyle.checks.design.DesignForExtensionCheck"/>
        <error line="7" column="5" severity="error" message="Missing a Javadoc comment."
               source="com.puppycrawl.tools.checkstyle.checks.javadoc.JavadocMethodCheck"/>
        <error line="7" column="21" severity="error" message="Parameter errorMessage should be final."
               source="com.puppycrawl.tools.checkstyle.checks.FinalParametersCheck"/>
        <error line="11" column="5" severity="error"
               message="Method &apos;first&apos; is not designed for extension - needs to be abstract, final or empty."
               source="com.puppycrawl.tools.checkstyle.checks.design.DesignForExtensionCheck"/>
        <error line="11" column="5" severity="error" message="Missing a Javadoc comment."
               source="com.puppycrawl.tools.checkstyle.checks.javadoc.JavadocMethodCheck"/>
        <error line="18" column="5" severity="error"
               message="Method &apos;isNotEmpty&apos; is not designed for extension - needs to be abstract, final or empty."
               source="com.puppycrawl.tools.checkstyle.checks.design.DesignForExtensionCheck"/>
        <error line="18" column="5" severity="error" message="Missing a Javadoc comment."
               source="com.puppycrawl.tools.checkstyle.checks.javadoc.JavadocMethodCheck"/>
    </file>
    <file name="/Users/srivatsa/workspace/labs/java/mavenapp/validation/src/main/java/org/katta/labs/java/validation/validator/NotNullOrEmptyValidator.java">
        <error line="15" column="17" severity="error" message="More than 6 parameters."
               source="com.puppycrawl.tools.checkstyle.checks.sizes.ParameterNumberCheck"/>
        <error line="0" severity="error" message="Missing package-info.java file."
               source="com.puppycrawl.tools.checkstyle.checks.javadoc.JavadocPackageCheck"/>
        <error line="6" severity="error" message="Missing a Javadoc comment."
               source="com.puppycrawl.tools.checkstyle.checks.javadoc.JavadocTypeCheck"/>
        <error line="8" column="5" severity="error" message="Missing a Javadoc comment."
               source="com.puppycrawl.tools.checkstyle.checks.javadoc.JavadocVariableCheck"/>
        <error line="10" column="5" severity="error" message="Missing a Javadoc comment."
               source="com.puppycrawl.tools.checkstyle.checks.javadoc.JavadocMethodCheck"/>
        <error line="14" column="5" severity="error"
               message="Method &apos;validate&apos; is not designed for extension - needs to be abstract, final or empty."
               source="com.puppycrawl.tools.checkstyle.checks.design.DesignForExtensionCheck"/>
        <error line="14" column="5" severity="error" message="Missing a Javadoc comment."
               source="com.puppycrawl.tools.checkstyle.checks.javadoc.JavadocMethodCheck"/>
        <error line="14" column="38" severity="error" message="Parameter object should be final."
               source="com.puppycrawl.tools.checkstyle.checks.FinalParametersCheck"/>
        <error line="16" severity="error" message="&apos;if&apos; construct must use &apos;{}&apos;s."
               source="com.puppycrawl.tools.checkstyle.checks.blocks.NeedBracesCheck"/>
        <error line="16" column="11" severity="error" message="&apos;if&apos; is not followed by whitespace."
               source="com.puppycrawl.tools.checkstyle.checks.whitespace.WhitespaceAroundCheck"/>
        <error line="18" column="11" severity="error" message="&apos;if&apos; is not followed by whitespace."
               source="com.puppycrawl.tools.checkstyle.checks.whitespace.WhitespaceAroundCheck"/>
    </file>
    <file name="/Users/srivatsa/workspace/labs/java/mavenapp/validation/src/main/java/org/katta/labs/java/validation/validator/NotNullValidator.java">
        <error line="6" severity="error" message="Missing a Javadoc comment."
               source="com.puppycrawl.tools.checkstyle.checks.javadoc.JavadocTypeCheck"/>
        <error line="7" column="5" severity="error"
               message="Method &apos;validate&apos; is not designed for extension - needs to be abstract, final or empty."
               source="com.puppycrawl.tools.checkstyle.checks.design.DesignForExtensionCheck"/>
        <error line="7" column="5" severity="error" message="Missing a Javadoc comment."
               source="com.puppycrawl.tools.checkstyle.checks.javadoc.JavadocMethodCheck"/>
        <error line="7" column="38" severity="error" message="Parameter object should be final."
               source="com.puppycrawl.tools.checkstyle.checks.FinalParametersCheck"/>
        <error line="10" column="11" severity="error" message="&apos;if&apos; is not followed by whitespace."
               source="com.puppycrawl.tools.checkstyle.checks.whitespace.WhitespaceAroundCheck"/>
    </file>
    <file name="/Users/srivatsa/workspace/labs/java/mavenapp/validation/src/main/java/org/katta/labs/java/validation/Validator.java">
        <error line="3" severity="error" message="Missing a Javadoc comment."
               source="com.puppycrawl.tools.checkstyle.checks.javadoc.JavadocTypeCheck"/>
        <error line="4" column="5" severity="error" message="Missing a Javadoc comment."
               source="com.puppycrawl.tools.checkstyle.checks.javadoc.JavadocMethodCheck"/>
    </file>
    <file name="/Users/srivatsa/workspace/labs/java/mavenapp/concurrency/src/main/java/org/katta/labs/concurrency/BatchExecutor.java">
        <error line="0" severity="error" message="Missing package-info.java file."
               source="com.puppycrawl.tools.checkstyle.checks.javadoc.JavadocPackageCheck"/>
        <error line="6" severity="error" message="Missing a Javadoc comment."
               source="com.puppycrawl.tools.checkstyle.checks.javadoc.JavadocTypeCheck"/>
        <error line="8" column="5" severity="error" message="Missing a Javadoc comment."
               source="com.puppycrawl.tools.checkstyle.checks.javadoc.JavadocVariableCheck"/>
        <error line="8" column="15" severity="error"
               message="Variable &apos;jobs&apos; must be private and have accessor methods."
               source="com.puppycrawl.tools.checkstyle.checks.design.VisibilityModifierCheck"/>
        <error line="10" column="5" severity="error"
               message="Method &apos;addJob&apos; is not designed for extension - needs to be abstract, final or empty."
               source="com.puppycrawl.tools.checkstyle.checks.design.DesignForExtensionCheck"/>
        <error line="10" column="5" severity="error" message="Missing a Javadoc comment."
               source="com.puppycrawl.tools.checkstyle.checks.javadoc.JavadocMethodCheck"/>
        <error line="10" column="24" severity="error" message="Parameter job should be final."
               source="com.puppycrawl.tools.checkstyle.checks.FinalParametersCheck"/>
        <error line="14" column="5" severity="error"
               message="Method &apos;execute&apos; is not designed for extension - needs to be abstract, final or empty."
               source="com.puppycrawl.tools.checkstyle.checks.design.DesignForExtensionCheck"/>
        <error line="14" column="5" severity="error" message="Missing a Javadoc comment."
               source="com.puppycrawl.tools.checkstyle.checks.javadoc.JavadocMethodCheck"/>
    </file>
    <file name="/Users/srivatsa/workspace/labs/java/mavenapp/concurrency/src/main/java/org/katta/labs/concurrency/Job.java">
        <error line="3" severity="error" message="Missing a Javadoc comment."
               source="com.puppycrawl.tools.checkstyle.checks.javadoc.JavadocTypeCheck"/>
        <error line="4" column="5" severity="error" message="Missing a Javadoc comment."
               source="com.puppycrawl.tools.checkstyle.checks.javadoc.JavadocMethodCheck"/>
    </file>
    <file name="/Users/srivatsa/workspace/labs/java/mavenapp/concurrency/src/main/java/org/katta/labs/concurrency/MyJob.java">
        <error line="3" severity="error" message="Missing a Javadoc comment."
               source="com.puppycrawl.tools.checkstyle.checks.javadoc.JavadocTypeCheck"/>
        <error line="4" column="5" severity="error" message="Missing a Javadoc comment."
               source="com.puppycrawl.tools.checkstyle.checks.javadoc.JavadocMethodCheck"/>
        <error line="5" severity="error" message="Line is longer than 80 characters."
               source="com.puppycrawl.tools.checkstyle.checks.sizes.LineLengthCheck"/>
    </file>
    <file name="/Users/srivatsa/workspace/labs/java/mavenapp/struts2/src/main/java/org/katta/labs/struts2/action/AddressAction.java">
        <error line="0" severity="error" message="Missing package-info.java file."
               source="com.puppycrawl.tools.checkstyle.checks.javadoc.JavadocPackageCheck"/>
        <error line="6" severity="error" message="Missing a Javadoc comment."
               source="com.puppycrawl.tools.checkstyle.checks.javadoc.JavadocTypeCheck"/>
        <error line="8" column="5" severity="error" message="Missing a Javadoc comment."
               source="com.puppycrawl.tools.checkstyle.checks.javadoc.JavadocVariableCheck"/>
        <error line="9" column="5" severity="error" message="Missing a Javadoc comment."
               source="com.puppycrawl.tools.checkstyle.checks.javadoc.JavadocVariableCheck"/>
        <error line="12" column="5" severity="error"
               message="Method &apos;show&apos; is not designed for extension - needs to be abstract, final or empty."
               source="com.puppycrawl.tools.checkstyle.checks.design.DesignForExtensionCheck"/>
        <error line="12" column="5" severity="error" message="Missing a Javadoc comment."
               source="com.puppycrawl.tools.checkstyle.checks.javadoc.JavadocMethodCheck"/>
        <error line="16" column="5" severity="error"
               message="Method &apos;validateSave&apos; is not designed for extension - needs to be abstract, final or empty."
               source="com.puppycrawl.tools.checkstyle.checks.design.DesignForExtensionCheck"/>
        <error line="16" column="5" severity="error" message="Missing a Javadoc comment."
               source="com.puppycrawl.tools.checkstyle.checks.javadoc.JavadocMethodCheck"/>
        <error line="18" column="11" severity="error" message="&apos;if&apos; is not followed by whitespace."
               source="com.puppycrawl.tools.checkstyle.checks.whitespace.WhitespaceAroundCheck"/>
        <error line="22" column="11" severity="error" message="&apos;if&apos; is not followed by whitespace."
               source="com.puppycrawl.tools.checkstyle.checks.whitespace.WhitespaceAroundCheck"/>
        <error line="27" column="5" severity="error"
               message="Method &apos;save&apos; is not designed for extension - needs to be abstract, final or empty."
               source="com.puppycrawl.tools.checkstyle.checks.design.DesignForExtensionCheck"/>
        <error line="27" column="5" severity="error" message="Missing a Javadoc comment."
               source="com.puppycrawl.tools.checkstyle.checks.javadoc.JavadocMethodCheck"/>
        <error line="32" column="5" severity="error"
               message="Method &apos;getFirstName&apos; is not designed for extension - needs to be abstract, final or empty."
               source="com.puppycrawl.tools.checkstyle.checks.design.DesignForExtensionCheck"/>
        <error line="32" column="5" severity="error" message="Missing a Javadoc comment."
               source="com.puppycrawl.tools.checkstyle.checks.javadoc.JavadocMethodCheck"/>
        <error line="36" column="5" severity="error"
               message="Method &apos;setFirstName&apos; is not designed for extension - needs to be abstract, final or empty."
               source="com.puppycrawl.tools.checkstyle.checks.design.DesignForExtensionCheck"/>
        <error line="36" column="5" severity="error" message="Missing a Javadoc comment."
               source="com.puppycrawl.tools.checkstyle.checks.javadoc.JavadocMethodCheck"/>
        <error line="36" column="30" severity="error" message="Parameter firstName should be final."
               source="com.puppycrawl.tools.checkstyle.checks.FinalParametersCheck"/>
        <error line="36" column="37" severity="error" message="&apos;firstName&apos; hides a field."
               source="com.puppycrawl.tools.checkstyle.checks.coding.HiddenFieldCheck"/>
        <error line="40" column="5" severity="error"
               message="Method &apos;getLastName&apos; is not designed for extension - needs to be abstract, final or empty."
               source="com.puppycrawl.tools.checkstyle.checks.design.DesignForExtensionCheck"/>
        <error line="40" column="5" severity="error" message="Missing a Javadoc comment."
               source="com.puppycrawl.tools.checkstyle.checks.javadoc.JavadocMethodCheck"/>
        <error line="44" column="5" severity="error"
               message="Method &apos;setLastName&apos; is not designed for extension - needs to be abstract, final or empty."
               source="com.puppycrawl.tools.checkstyle.checks.design.DesignForExtensionCheck"/>
        <error line="44" column="5" severity="error" message="Missing a Javadoc comment."
               source="com.puppycrawl.tools.checkstyle.checks.javadoc.JavadocMethodCheck"/>
        <error line="44" column="29" severity="error" message="Parameter lastName should be final."
               source="com.puppycrawl.tools.checkstyle.checks.FinalParametersCheck"/>
        <error line="44" column="36" severity="error" message="&apos;lastName&apos; hides a field."
               source="com.puppycrawl.tools.checkstyle.checks.coding.HiddenFieldCheck"/>
    </file>
    <file name="/Users/srivatsa/workspace/labs/java/mavenapp/struts2/src/main/java/org/katta/labs/struts2/action/LookupAction.java">
        <error line="9" severity="error" message="Missing a Javadoc comment."
               source="com.puppycrawl.tools.checkstyle.checks.javadoc.JavadocTypeCheck"/>
        <error line="10" column="5" severity="error" message="Missing a Javadoc comment."
               source="com.puppycrawl.tools.checkstyle.checks.javadoc.JavadocVariableCheck"/>
        <error line="11" column="5" severity="error" message="Missing a Javadoc comment."
               source="com.puppycrawl.tools.checkstyle.checks.javadoc.JavadocVariableCheck"/>
        <error line="13" column="5" severity="error"
               message="Method &apos;emailAddresses&apos; is not designed for extension - needs to be abstract, final or empty."
               source="com.puppycrawl.tools.checkstyle.checks.design.DesignForExtensionCheck"/>
        <error line="13" column="5" severity="error" message="Missing a Javadoc comment."
               source="com.puppycrawl.tools.checkstyle.checks.javadoc.JavadocMethodCheck"/>
        <error line="18" column="5" severity="error"
               message="Method &apos;departments&apos; is not designed for extension - needs to be abstract, final or empty."
               source="com.puppycrawl.tools.checkstyle.checks.design.DesignForExtensionCheck"/>
        <error line="18" column="5" severity="error" message="Missing a Javadoc comment."
               source="com.puppycrawl.tools.checkstyle.checks.javadoc.JavadocMethodCheck"/>
        <error line="27" column="5" severity="error" message="Missing a Javadoc comment."
               source="com.puppycrawl.tools.checkstyle.checks.javadoc.JavadocMethodCheck"/>
        <error line="27" column="27" severity="error" message="Parameter email should be final."
               source="com.puppycrawl.tools.checkstyle.checks.FinalParametersCheck"/>
        <error line="31" column="5" severity="error"
               message="Method &apos;getEmails&apos; is not designed for extension - needs to be abstract, final or empty."
               source="com.puppycrawl.tools.checkstyle.checks.design.DesignForExtensionCheck"/>
        <error line="31" column="5" severity="error" message="Missing a Javadoc comment."
               source="com.puppycrawl.tools.checkstyle.checks.javadoc.JavadocMethodCheck"/>
        <error line="35" column="5" severity="error"
               message="Method &apos;setEmails&apos; is not designed for extension - needs to be abstract, final or empty."
               source="com.puppycrawl.tools.checkstyle.checks.design.DesignForExtensionCheck"/>
        <error line="35" column="5" severity="error" message="Missing a Javadoc comment."
               source="com.puppycrawl.tools.checkstyle.checks.javadoc.JavadocMethodCheck"/>
        <error line="35" column="27" severity="error" message="Parameter emails should be final."
               source="com.puppycrawl.tools.checkstyle.checks.FinalParametersCheck"/>
        <error line="35" column="46" severity="error" message="&apos;emails&apos; hides a field."
               source="com.puppycrawl.tools.checkstyle.checks.coding.HiddenFieldCheck"/>
        <error line="39" column="5" severity="error"
               message="Method &apos;getDepartments&apos; is not designed for extension - needs to be abstract, final or empty."
               source="com.puppycrawl.tools.checkstyle.checks.design.DesignForExtensionCheck"/>
        <error line="39" column="5" severity="error" message="Missing a Javadoc comment."
               source="com.puppycrawl.tools.checkstyle.checks.javadoc.JavadocMethodCheck"/>
        <error line="43" column="5" severity="error"
               message="Method &apos;setDepartments&apos; is not designed for extension - needs to be abstract, final or empty."
               source="com.puppycrawl.tools.checkstyle.checks.design.DesignForExtensionCheck"/>
        <error line="43" column="5" severity="error" message="Missing a Javadoc comment."
               source="com.puppycrawl.tools.checkstyle.checks.javadoc.JavadocMethodCheck"/>
        <error line="43" column="32" severity="error" message="Parameter departments should be final."
               source="com.puppycrawl.tools.checkstyle.checks.FinalParametersCheck"/>
        <error line="43" column="45" severity="error" message="&apos;departments&apos; hides a field."
               source="com.puppycrawl.tools.checkstyle.checks.coding.HiddenFieldCheck"/>
    </file>
    <file name="/Users/srivatsa/workspace/labs/java/mavenapp/struts2/src/main/java/org/katta/labs/struts2/model/EmailAddress.java">
        <error line="0" severity="error" message="Missing package-info.java file."
               source="com.puppycrawl.tools.checkstyle.checks.javadoc.JavadocPackageCheck"/>
        <error line="3" severity="error" message="Missing a Javadoc comment."
               source="com.puppycrawl.tools.checkstyle.checks.javadoc.JavadocTypeCheck"/>
        <error line="4" column="5" severity="error" message="Missing a Javadoc comment."
               source="com.puppycrawl.tools.checkstyle.checks.javadoc.JavadocVariableCheck"/>
        <error line="6" column="5" severity="error" message="Missing a Javadoc comment."
               source="com.puppycrawl.tools.checkstyle.checks.javadoc.JavadocMethodCheck"/>
        <error line="6" column="25" severity="error" message="Parameter emailId should be final."
               source="com.puppycrawl.tools.checkstyle.checks.FinalParametersCheck"/>
        <error line="6" column="32" severity="error" message="&apos;emailId&apos; hides a field."
               source="com.puppycrawl.tools.checkstyle.checks.coding.HiddenFieldCheck"/>
        <error line="11" column="5" severity="error"
               message="Method &apos;getEmailId&apos; is not designed for extension - needs to be abstract, final or empty."
               source="com.puppycrawl.tools.checkstyle.checks.design.DesignForExtensionCheck"/>
        <error line="11" column="5" severity="error" message="Missing a Javadoc comment."
               source="com.puppycrawl.tools.checkstyle.checks.javadoc.JavadocMethodCheck"/>
        <error line="15" column="5" severity="error"
               message="Method &apos;setEmailId&apos; is not designed for extension - needs to be abstract, final or empty."
               source="com.puppycrawl.tools.checkstyle.checks.design.DesignForExtensionCheck"/>
        <error line="15" column="5" severity="error" message="Missing a Javadoc comment."
               source="com.puppycrawl.tools.checkstyle.checks.javadoc.JavadocMethodCheck"/>
        <error line="15" column="28" severity="error" message="Parameter emailId should be final."
               source="com.puppycrawl.tools.checkstyle.checks.FinalParametersCheck"/>
        <error line="15" column="35" severity="error" message="&apos;emailId&apos; hides a field."
               source="com.puppycrawl.tools.checkstyle.checks.coding.HiddenFieldCheck"/>
        <error line="19" column="5" severity="error"
               message="Method &apos;longMethod&apos; is not designed for extension - needs to be abstract, final or empty."
               source="com.puppycrawl.tools.checkstyle.checks.design.DesignForExtensionCheck"/>
        <error line="19" column="5" severity="error" message="Missing a Javadoc comment."
               source="com.puppycrawl.tools.checkstyle.checks.javadoc.JavadocMethodCheck"/>
        <error line="19" column="28" severity="error" message="Parameter emailId should be final."
               source="com.puppycrawl.tools.checkstyle.checks.FinalParametersCheck"/>
        <error line="19" column="35" severity="error" message="&apos;emailId&apos; hides a field."
               source="com.puppycrawl.tools.checkstyle.checks.coding.HiddenFieldCheck"/>
    </file>
</checkstyle>
